  Polynom.cpp
d:\github\class-oop\class(1-3)\class(1-3)\polynom.cpp(12): warning C4018: <: несоответствие типов со знаком и без знака
d:\github\class-oop\class(1-3)\class(1-3)\polynom.cpp(22): warning C4018: <=: несоответствие типов со знаком и без знака
d:\github\class-oop\class(1-3)\class(1-3)\polynom.cpp(33): warning C4018: <=: несоответствие типов со знаком и без знака
d:\github\class-oop\class(1-3)\class(1-3)\polynom.cpp(48): warning C4018: <=: несоответствие типов со знаком и без знака
d:\github\class-oop\class(1-3)\class(1-3)\polynom.cpp(76): warning C4018: <=: несоответствие типов со знаком и без знака
d:\github\class-oop\class(1-3)\class(1-3)\polynom.cpp(80): warning C4018: <: несоответствие типов со знаком и без знака
d:\github\class-oop\class(1-3)\class(1-3)\polynom.cpp(106): warning C4018: <=: несоответствие типов со знаком и без знака
d:\github\class-oop\class(1-3)\class(1-3)\polynom.cpp(110): warning C4018: <=: несоответствие типов со знаком и без знака
d:\github\class-oop\class(1-3)\class(1-3)\polynom.cpp(124): warning C4018: <=: несоответствие типов со знаком и без знака
d:\github\class-oop\class(1-3)\class(1-3)\polynom.cpp(126): warning C4018: <=: несоответствие типов со знаком и без знака
d:\github\class-oop\class(1-3)\class(1-3)\polynom.cpp(137): warning C4018: <=: несоответствие типов со знаком и без знака
d:\github\class-oop\class(1-3)\class(1-3)\polynom.cpp(139): warning C4018: <=: несоответствие типов со знаком и без знака
d:\github\class-oop\class(1-3)\class(1-3)\polynom.cpp(140): warning C4018: <=: несоответствие типов со знаком и без знака
d:\github\class-oop\class(1-3)\class(1-3)\polynom.cpp(149): warning C4018: <=: несоответствие типов со знаком и без знака
d:\github\class-oop\class(1-3)\class(1-3)\polynom.cpp(186): warning C4018: <=: несоответствие типов со знаком и без знака
d:\github\class-oop\class(1-3)\class(1-3)\polynom.cpp(212): warning C4018: <=: несоответствие типов со знаком и без знака
d:\github\class-oop\class(1-3)\class(1-3)\polynom.cpp(224): warning C4018: <=: несоответствие типов со знаком и без знака
d:\github\class-oop\class(1-3)\class(1-3)\polynom.cpp(164): warning C4715: Polynom::getCoef: значение возвращается не при всех путях выполнения
  Class(1-3).vcxproj -> D:\GitHub\Class-OOP\Class(1-3)\Debug\Class(1-3).exe
  Class(1-3).vcxproj -> D:\GitHub\Class-OOP\Class(1-3)\Debug\Class(1-3).pdb (Partial PDB)
